app/manifest-merger-release-report.txt
-- Merging decision tree log ---
manifest
ADDED from AndroidManifest.xml:1:1
	xmlns:android
		ADDED from AndroidManifest.xml:1:11
	package
		ADDED from AndroidManifest.xml:2:1
		INJECTED from AndroidManifest.xml:0:0
		INJECTED from AndroidManifest.xml:0:0
	android:versionName
		ADDED from AndroidManifest.xml:4:1
		INJECTED from AndroidManifest.xml:0:0
		INJECTED from AndroidManifest.xml:0:0
	android:versionCode
		ADDED from AndroidManifest.xml:3:1
		INJECTED from AndroidManifest.xml:0:0
		INJECTED from AndroidManifest.xml:0:0
uses-sdk
ADDED from AndroidManifest.xml:6:1
	android:targetSdkVersion
		ADDED from AndroidManifest.xml:8:5
		INJECTED from AndroidManifest.xml:0:0
		INJECTED from AndroidManifest.xml:0:0
	android:minSdkVersion
		ADDED from AndroidManifest.xml:7:5
		INJECTED from AndroidManifest.xml:0:0
		INJECTED from AndroidManifest.xml:0:0
application
ADDED from AndroidManifest.xml:10:1
	android:label
		ADDED from AndroidManifest.xml:13:5
	android:allowBackup
		ADDED from AndroidManifest.xml:11:5
	android:icon
		ADDED from AndroidManifest.xml:12:5
	android:theme
		ADDED from AndroidManifest.xml:14:5
meta-data#xposedmodule
ADDED from AndroidManifest.xml:15:5
	android:name
		ADDED from AndroidManifest.xml:16:9
	android:value
		ADDED from AndroidManifest.xml:17:9
meta-data#xposedminversion
ADDED from AndroidManifest.xml:18:5
	android:name
		ADDED from AndroidManifest.xml:19:9
	android:value
		ADDED from AndroidManifest.xml:20:9
meta-data#xposeddescription
ADDED from AndroidManifest.xml:21:5
	android:name
		ADDED from AndroidManifest.xml:22:9
	android:value
		ADDED from AndroidManifest.xml:23:9